[01m[K/home/aldo/arduinobot_ws/src/arduinobot_cpp_examples/src/simple_publisher.cpp:30:57:[m[K [01;31m[Kerror: [m[Kexpected primary-expression before â€˜[01m[Kpub_[m[Kâ€™
   30 |     rclcpp::Publisher<std_msgs::msg::String>::SharedPtr [01;31m[Kpub_[m[K;
      |                                                         [01;31m[K^~~~[m[K
[01m[K/home/aldo/arduinobot_ws/src/arduinobot_cpp_examples/src/simple_publisher.cpp:30:47:[m[K [01;31m[Kerror: [m[Kexpected â€˜[01m[K;[m[Kâ€™ at end of member declaration
   30 |     rclcpp::Publisher<std_msgs::msg::String>::[01;31m[KSharedPtr[m[K pub_;
      |                                               [01;31m[K^~~~~~~~~[m[K
      |                                                        [32m[K;[m[K
[01m[K/home/aldo/arduinobot_ws/src/arduinobot_cpp_examples/src/simple_publisher.cpp:30:57:[m[K [01;31m[Kerror: [m[Kâ€˜[01m[Kpub_[m[Kâ€™ does not name a type
   30 |     rclcpp::Publisher<std_msgs::msg::String>::SharedPtr [01;31m[Kpub_[m[K;
      |                                                         [01;31m[K^~~~[m[K
[01m[K/home/aldo/arduinobot_ws/src/arduinobot_cpp_examples/src/simple_publisher.cpp:[m[K In constructor â€˜[01m[KSimplePublisher::[01;32m[KSimplePublisher[m[K()[m[Kâ€™:
[01m[K/home/aldo/arduinobot_ws/src/arduinobot_cpp_examples/src/simple_publisher.cpp:13:9:[m[K [01;31m[Kerror: [m[Kâ€˜[01m[Kpub_[m[Kâ€™ was not declared in this scope
   13 |         [01;31m[Kpub_[m[K =create_publisher<std_msgs::msg::String>("chatter", 10);
      |         [01;31m[K^~~~[m[K
[01m[K/home/aldo/arduinobot_ws/src/arduinobot_cpp_examples/src/simple_publisher.cpp:[m[K In member function â€˜[01m[Kvoid SimplePublisher::[01;32m[KtimerCallback[m[K()[m[Kâ€™:
[01m[K/home/aldo/arduinobot_ws/src/arduinobot_cpp_examples/src/simple_publisher.cpp:24:9:[m[K [01;31m[Kerror: [m[Kâ€˜[01m[Kpub_[m[Kâ€™ was not declared in this scope
   24 |         [01;31m[Kpub_[m[K->publish(message);
      |         [01;31m[K^~~~[m[K
gmake[2]: *** [CMakeFiles/simple_publisher.dir/build.make:76: CMakeFiles/simple_publisher.dir/src/simple_publisher.cpp.o] Error 1
gmake[1]: *** [CMakeFiles/Makefile2:137: CMakeFiles/simple_publisher.dir/all] Error 2
gmake: *** [Makefile:146: all] Error 2
