-- Found ament_cmake: 2.5.4 (/opt/ros/jazzy/share/ament_cmake/cmake)
-- Found rclcpp: 28.1.12 (/opt/ros/jazzy/share/rclcpp/cmake)
-- Found rosidl_generator_c: 4.6.6 (/opt/ros/jazzy/share/rosidl_generator_c/cmake)
-- Found rosidl_generator_cpp: 4.6.6 (/opt/ros/jazzy/share/rosidl_generator_cpp/cmake)
-- Using all available rosidl_typesupport_c: rosidl_typesupport_fastrtps_c;rosidl_typesupport_introspection_c
-- Using all available rosidl_typesupport_cpp: rosidl_typesupport_fastrtps_cpp;rosidl_typesupport_introspection_cpp
-- Found rmw_implementation_cmake: 7.3.2 (/opt/ros/jazzy/share/rmw_implementation_cmake/cmake)
-- Found rmw_fastrtps_cpp: 8.4.3 (/opt/ros/jazzy/share/rmw_fastrtps_cpp/cmake)
-- Found OpenSSL: /usr/lib/x86_64-linux-gnu/libcrypto.so (found version "3.0.13")  
-- Found FastRTPS: /opt/ros/jazzy/include (Required is at least version "2.13") 
-- Using RMW implementation 'rmw_fastrtps_cpp' as default
-- Found std_msgs: 5.3.6 (/opt/ros/jazzy/share/std_msgs/cmake)
-- Found ament_lint_auto: 0.17.3 (/opt/ros/jazzy/share/ament_lint_auto/cmake)
-- Added test 'cppcheck' to perform static code analysis on C / C++ code
-- Configured cppcheck include dirs: 
-- Configured cppcheck exclude dirs and/or files: 
-- Added test 'lint_cmake' to check CMake code style
-- Added test 'uncrustify' to check C / C++ code style
-- Configured uncrustify additional arguments: 
-- Added test 'xmllint' to check XML markup files
-- Configuring done (11.8s)
-- Generating done (0.3s)
-- Build files have been written to: /home/aldo/arduinobot_ws/build/arduinobot_cpp_examples
[ 50%] [32mBuilding CXX object CMakeFiles/simple_publisher.dir/src/simple_publisher.cpp.o[0m
[01m[K/home/aldo/arduinobot_ws/src/arduinobot_cpp_examples/src/simple_publisher.cpp:30:57:[m[K [01;31m[Kerror: [m[Kexpected primary-expression before â€˜[01m[Kpub_[m[Kâ€™
   30 |     rclcpp::Publisher<std_msgs::msg::String>::SharedPtr [01;31m[Kpub_[m[K;
      |                                                         [01;31m[K^~~~[m[K
[01m[K/home/aldo/arduinobot_ws/src/arduinobot_cpp_examples/src/simple_publisher.cpp:30:47:[m[K [01;31m[Kerror: [m[Kexpected â€˜[01m[K;[m[Kâ€™ at end of member declaration
   30 |     rclcpp::Publisher<std_msgs::msg::String>::[01;31m[KSharedPtr[m[K pub_;
      |                                               [01;31m[K^~~~~~~~~[m[K
      |                                                        [32m[K;[m[K
[01m[K/home/aldo/arduinobot_ws/src/arduinobot_cpp_examples/src/simple_publisher.cpp:30:57:[m[K [01;31m[Kerror: [m[Kâ€˜[01m[Kpub_[m[Kâ€™ does not name a type
   30 |     rclcpp::Publisher<std_msgs::msg::String>::SharedPtr [01;31m[Kpub_[m[K;
      |                                                         [01;31m[K^~~~[m[K
[01m[K/home/aldo/arduinobot_ws/src/arduinobot_cpp_examples/src/simple_publisher.cpp:[m[K In constructor â€˜[01m[KSimplePublisher::[01;32m[KSimplePublisher[m[K()[m[Kâ€™:
[01m[K/home/aldo/arduinobot_ws/src/arduinobot_cpp_examples/src/simple_publisher.cpp:13:9:[m[K [01;31m[Kerror: [m[Kâ€˜[01m[Kpub_[m[Kâ€™ was not declared in this scope
   13 |         [01;31m[Kpub_[m[K =create_publisher<std_msgs::msg::String>("chatter", 10);
      |         [01;31m[K^~~~[m[K
[01m[K/home/aldo/arduinobot_ws/src/arduinobot_cpp_examples/src/simple_publisher.cpp:[m[K In member function â€˜[01m[Kvoid SimplePublisher::[01;32m[KtimerCallback[m[K()[m[Kâ€™:
[01m[K/home/aldo/arduinobot_ws/src/arduinobot_cpp_examples/src/simple_publisher.cpp:24:9:[m[K [01;31m[Kerror: [m[Kâ€˜[01m[Kpub_[m[Kâ€™ was not declared in this scope
   24 |         [01;31m[Kpub_[m[K->publish(message);
      |         [01;31m[K^~~~[m[K
gmake[2]: *** [CMakeFiles/simple_publisher.dir/build.make:76: CMakeFiles/simple_publisher.dir/src/simple_publisher.cpp.o] Error 1
gmake[1]: *** [CMakeFiles/Makefile2:137: CMakeFiles/simple_publisher.dir/all] Error 2
gmake: *** [Makefile:146: all] Error 2
