[0.095s] Invoking command in '/home/aldo/arduinobot_ws/build/arduinobot_cpp_examples': CMAKE_PREFIX_PATH=${CMAKE_PREFIX_PATH}:/opt/ros/jazzy DEBUGINFOD_URLS=https://debuginfod.ubuntu.com /usr/bin/cmake --build /home/aldo/arduinobot_ws/build/arduinobot_cpp_examples -- -j4 -l4
[1.766s] -- Found ament_cmake: 2.5.4 (/opt/ros/jazzy/share/ament_cmake/cmake)
[5.348s] -- Found rclcpp: 28.1.12 (/opt/ros/jazzy/share/rclcpp/cmake)
[6.094s] -- Found rosidl_generator_c: 4.6.6 (/opt/ros/jazzy/share/rosidl_generator_c/cmake)
[6.389s] -- Found rosidl_generator_cpp: 4.6.6 (/opt/ros/jazzy/share/rosidl_generator_cpp/cmake)
[6.664s] -- Using all available rosidl_typesupport_c: rosidl_typesupport_fastrtps_c;rosidl_typesupport_introspection_c
[6.849s] -- Using all available rosidl_typesupport_cpp: rosidl_typesupport_fastrtps_cpp;rosidl_typesupport_introspection_cpp
[7.642s] -- Found rmw_implementation_cmake: 7.3.2 (/opt/ros/jazzy/share/rmw_implementation_cmake/cmake)
[7.784s] -- Found rmw_fastrtps_cpp: 8.4.3 (/opt/ros/jazzy/share/rmw_fastrtps_cpp/cmake)
[10.922s] -- Found OpenSSL: /usr/lib/x86_64-linux-gnu/libcrypto.so (found version "3.0.13")  
[11.225s] -- Found FastRTPS: /opt/ros/jazzy/include (Required is at least version "2.13") 
[11.404s] -- Using RMW implementation 'rmw_fastrtps_cpp' as default
[12.155s] -- Found std_msgs: 5.3.6 (/opt/ros/jazzy/share/std_msgs/cmake)
[12.273s] -- Found ament_lint_auto: 0.17.3 (/opt/ros/jazzy/share/ament_lint_auto/cmake)
[13.009s] -- Added test 'cppcheck' to perform static code analysis on C / C++ code
[13.051s] -- Configured cppcheck include dirs: 
[13.051s] -- Configured cppcheck exclude dirs and/or files: 
[13.052s] -- Added test 'lint_cmake' to check CMake code style
[13.095s] -- Added test 'uncrustify' to check C / C++ code style
[13.096s] -- Configured uncrustify additional arguments: 
[13.096s] -- Added test 'xmllint' to check XML markup files
[13.139s] -- Configuring done (11.8s)
[13.677s] -- Generating done (0.3s)
[13.862s] -- Build files have been written to: /home/aldo/arduinobot_ws/build/arduinobot_cpp_examples
[14.437s] [ 50%] [32mBuilding CXX object CMakeFiles/simple_publisher.dir/src/simple_publisher.cpp.o[0m
[60.242s] [01m[K/home/aldo/arduinobot_ws/src/arduinobot_cpp_examples/src/simple_publisher.cpp:30:57:[m[K [01;31m[Kerror: [m[Kexpected primary-expression before â€˜[01m[Kpub_[m[Kâ€™
[60.242s]    30 |     rclcpp::Publisher<std_msgs::msg::String>::SharedPtr [01;31m[Kpub_[m[K;
[60.246s]       |                                                         [01;31m[K^~~~[m[K
[60.246s] [01m[K/home/aldo/arduinobot_ws/src/arduinobot_cpp_examples/src/simple_publisher.cpp:30:47:[m[K [01;31m[Kerror: [m[Kexpected â€˜[01m[K;[m[Kâ€™ at end of member declaration
[60.246s]    30 |     rclcpp::Publisher<std_msgs::msg::String>::[01;31m[KSharedPtr[m[K pub_;
[60.246s]       |                                               [01;31m[K^~~~~~~~~[m[K
[60.246s]       |                                                        [32m[K;[m[K
[60.328s] [01m[K/home/aldo/arduinobot_ws/src/arduinobot_cpp_examples/src/simple_publisher.cpp:30:57:[m[K [01;31m[Kerror: [m[Kâ€˜[01m[Kpub_[m[Kâ€™ does not name a type
[60.329s]    30 |     rclcpp::Publisher<std_msgs::msg::String>::SharedPtr [01;31m[Kpub_[m[K;
[60.329s]       |                                                         [01;31m[K^~~~[m[K
[60.427s] [01m[K/home/aldo/arduinobot_ws/src/arduinobot_cpp_examples/src/simple_publisher.cpp:[m[K In constructor â€˜[01m[KSimplePublisher::[01;32m[KSimplePublisher[m[K()[m[Kâ€™:
[60.427s] [01m[K/home/aldo/arduinobot_ws/src/arduinobot_cpp_examples/src/simple_publisher.cpp:13:9:[m[K [01;31m[Kerror: [m[Kâ€˜[01m[Kpub_[m[Kâ€™ was not declared in this scope
[60.427s]    13 |         [01;31m[Kpub_[m[K =create_publisher<std_msgs::msg::String>("chatter", 10);
[60.428s]       |         [01;31m[K^~~~[m[K
[60.700s] [01m[K/home/aldo/arduinobot_ws/src/arduinobot_cpp_examples/src/simple_publisher.cpp:[m[K In member function â€˜[01m[Kvoid SimplePublisher::[01;32m[KtimerCallback[m[K()[m[Kâ€™:
[60.700s] [01m[K/home/aldo/arduinobot_ws/src/arduinobot_cpp_examples/src/simple_publisher.cpp:24:9:[m[K [01;31m[Kerror: [m[Kâ€˜[01m[Kpub_[m[Kâ€™ was not declared in this scope
[60.701s]    24 |         [01;31m[Kpub_[m[K->publish(message);
[60.701s]       |         [01;31m[K^~~~[m[K
[67.517s] gmake[2]: *** [CMakeFiles/simple_publisher.dir/build.make:76: CMakeFiles/simple_publisher.dir/src/simple_publisher.cpp.o] Error 1
[67.518s] gmake[1]: *** [CMakeFiles/Makefile2:137: CMakeFiles/simple_publisher.dir/all] Error 2
[67.520s] gmake: *** [Makefile:146: all] Error 2
[67.528s] Invoked command in '/home/aldo/arduinobot_ws/build/arduinobot_cpp_examples' returned '2': CMAKE_PREFIX_PATH=${CMAKE_PREFIX_PATH}:/opt/ros/jazzy DEBUGINFOD_URLS=https://debuginfod.ubuntu.com /usr/bin/cmake --build /home/aldo/arduinobot_ws/build/arduinobot_cpp_examples -- -j4 -l4
