[0.064s] Invoking command in '/home/aldo/arduinobot_ws/build/arduinobot_cpp_examples': CMAKE_PREFIX_PATH=${CMAKE_PREFIX_PATH}:/opt/ros/jazzy DEBUGINFOD_URLS=https://debuginfod.ubuntu.com /usr/bin/cmake --build /home/aldo/arduinobot_ws/build/arduinobot_cpp_examples -- -j4 -l4
[0.851s] -- Found ament_cmake: 2.5.4 (/opt/ros/jazzy/share/ament_cmake/cmake)
[4.209s] -- Found rclcpp: 28.1.12 (/opt/ros/jazzy/share/rclcpp/cmake)
[5.256s] -- Found rosidl_generator_c: 4.6.6 (/opt/ros/jazzy/share/rosidl_generator_c/cmake)
[5.460s] -- Found rosidl_generator_cpp: 4.6.6 (/opt/ros/jazzy/share/rosidl_generator_cpp/cmake)
[5.518s] -- Using all available rosidl_typesupport_c: rosidl_typesupport_fastrtps_c;rosidl_typesupport_introspection_c
[5.568s] -- Using all available rosidl_typesupport_cpp: rosidl_typesupport_fastrtps_cpp;rosidl_typesupport_introspection_cpp
[6.093s] -- Found rmw_implementation_cmake: 7.3.2 (/opt/ros/jazzy/share/rmw_implementation_cmake/cmake)
[6.103s] -- Found rmw_fastrtps_cpp: 8.4.3 (/opt/ros/jazzy/share/rmw_fastrtps_cpp/cmake)
[6.952s] -- Using RMW implementation 'rmw_fastrtps_cpp' as default
[8.505s] -- Found std_msgs: 5.3.6 (/opt/ros/jazzy/share/std_msgs/cmake)
[8.664s] -- Found ament_lint_auto: 0.17.3 (/opt/ros/jazzy/share/ament_lint_auto/cmake)
[9.111s] -- Added test 'cppcheck' to perform static code analysis on C / C++ code
[9.111s] -- Configured cppcheck include dirs: 
[9.111s] -- Configured cppcheck exclude dirs and/or files: 
[9.115s] -- Added test 'lint_cmake' to check CMake code style
[9.179s] -- Added test 'uncrustify' to check C / C++ code style
[9.180s] -- Configured uncrustify additional arguments: 
[9.194s] -- Added test 'xmllint' to check XML markup files
[9.205s] -- Configuring done (8.7s)
[9.440s] -- Generating done (0.1s)
[9.529s] -- Build files have been written to: /home/aldo/arduinobot_ws/build/arduinobot_cpp_examples
[10.350s] [ 33%] Built target simple_publisher
[10.478s] [ 50%] [32mBuilding CXX object CMakeFiles/simple_parameter.dir/src/simple_parameter.cpp.o[0m
[25.051s] [01m[K/home/aldo/arduinobot_ws/src/arduinobot_cpp_examples/src/simple_parameter.cpp:9:1:[m[K [01;31m[Kerror: [m[Kexpected class-name before â€˜[01m[K{[m[Kâ€™ token
[25.055s]     9 | [01;31m[K{[m[K
[25.055s]       | [01;31m[K^[m[K
[25.067s] [01m[K/home/aldo/arduinobot_ws/src/arduinobot_cpp_examples/src/simple_parameter.cpp:19:5:[m[K [01;31m[Kerror: [m[Kâ€˜[01m[KOnSetParametersCallbackHandle[m[Kâ€™ does not name a type
[25.068s]    19 |     [01;31m[KOnSetParametersCallbackHandle[m[K::SharedPtr param_callback_handle_;
[25.068s]       |     [01;31m[K^~~~~~~~~~~~~~~~~~~~~~~~~~~~~[m[K
[25.068s] [01m[K/home/aldo/arduinobot_ws/src/arduinobot_cpp_examples/src/simple_parameter.cpp:[m[K In constructor â€˜[01m[KSimpleParameter::[01;32m[KSimpleParameter[m[K()[m[Kâ€™:
[25.068s] [01m[K/home/aldo/arduinobot_ws/src/arduinobot_cpp_examples/src/simple_parameter.cpp:11:25:[m[K [01;31m[Kerror: [m[Kclass â€˜[01m[KSimpleParameter[m[Kâ€™ does not have any field named â€˜[01m[KNode[m[Kâ€™
[25.069s]    11 |     SimpleParameter() : [01;31m[KNode[m[K("simple_parameter")
[25.069s]       |                         [01;31m[K^~~~[m[K
[25.147s] [01m[K/home/aldo/arduinobot_ws/src/arduinobot_cpp_examples/src/simple_parameter.cpp:13:9:[m[K [01;31m[Kerror: [m[Kâ€˜[01m[Kdeclare_parameter[m[Kâ€™ was not declared in this scope
[25.149s]    13 |         [01;31m[Kdeclare_parameter[m[K<int>("simple_int_param", 28);
[25.150s]       |         [01;31m[K^~~~~~~~~~~~~~~~~[m[K
[25.151s] [01m[K/home/aldo/arduinobot_ws/src/arduinobot_cpp_examples/src/simple_parameter.cpp:13:27:[m[K [01;31m[Kerror: [m[Kexpected primary-expression before â€˜[01m[Kint[m[Kâ€™
[25.151s]    13 |         declare_parameter<[01;31m[Kint[m[K>("simple_int_param", 28);
[25.151s]       |                           [01;31m[K^~~[m[K
[25.151s] [01m[K/home/aldo/arduinobot_ws/src/arduinobot_cpp_examples/src/simple_parameter.cpp:14:38:[m[K [01;31m[Kerror: [m[Kexpected primary-expression before â€˜[01m[K>[m[Kâ€™ token
[25.151s]    14 |         declare_parameter<std::string[01;31m[K>[m[K("simple_string_param","Antonio");
[25.151s]       |                                      [01;31m[K^[m[K
[25.151s] [01m[K/home/aldo/arduinobot_ws/src/arduinobot_cpp_examples/src/simple_parameter.cpp:14:40:[m[K [01;35m[Kwarning: [m[Kleft operand of comma operator has no effect [[01;35m[K]8;;https://gcc.gnu.org/onlinedocs/gcc/Warning-Options.html#index-Wunused-value-Wunused-value]8;;[m[K]
[25.151s]    14 |         declare_parameter<std::string>([01;35m[K"simple_string_param"[m[K,"Antonio");
[25.152s]       |                                        [01;35m[K^~~~~~~~~~~~~~~~~~~~~[m[K
[25.337s] [01m[K/home/aldo/arduinobot_ws/src/arduinobot_cpp_examples/src/simple_parameter.cpp:16:9:[m[K [01;31m[Kerror: [m[Kâ€˜[01m[Kadd_on_set_parameters_callback[m[Kâ€™ was not declared in this scope
[25.337s]    16 |         [01;31m[Kadd_on_set_parameters_callback[m[K(std::bind(&SimpleParameter::paramChangeCallback, this, _1));
[25.337s]       |         [01;31m[K^~~~~~~~~~~~~~~~~~~~~~~~~~~~~~[m[K
[25.337s] In file included from [01m[K/opt/ros/jazzy/include/rclcpp/rclcpp/copy_all_parameter_values.hpp:27[m[K,
[25.343s]                  from [01m[K/opt/ros/jazzy/include/rclcpp/rclcpp/rclcpp.hpp:171[m[K,
[25.343s]                  from [01m[K/home/aldo/arduinobot_ws/src/arduinobot_cpp_examples/src/simple_parameter.cpp:1[m[K:
[25.343s] [01m[K/home/aldo/arduinobot_ws/src/arduinobot_cpp_examples/src/simple_parameter.cpp:[m[K In member function â€˜[01m[Krcl_interfaces::msg::SetParametersResult SimpleParameter::[01;32m[KparamChangeCallback[m[K(const std::vector<rclcpp::Parameter>&)[m[Kâ€™:
[25.343s] [01m[K/home/aldo/arduinobot_ws/src/arduinobot_cpp_examples/src/simple_parameter.cpp:28:36:[m[K [01;31m[Kerror: [m[Kâ€˜[01m[Kget_logger[m[Kâ€™ was not declared in this scope; did you mean â€˜[01m[Krclcpp::get_logger[m[Kâ€™?
[25.344s]    28 |                 RCLCPP_INFO_STREAM([01;31m[Kget_logger[m[K(),"Param simple_int_param changed! New value is: " << param.as_int());
[25.344s]       |                                    [01;31m[K^~~~~~~~~~[m[K
[25.344s] In file included from [01m[K/opt/ros/jazzy/include/rclcpp/rclcpp/copy_all_parameter_values.hpp:26[m[K:
[25.344s] [01m[K/opt/ros/jazzy/include/rclcpp/rclcpp/logger.hpp:107:17:[m[K [01;36m[Knote: [m[Kâ€˜[01m[Krclcpp::get_logger[m[Kâ€™ declared here
[25.345s]   107 |   friend Logger [01;36m[Krclcpp[m[K::get_logger(const std::string & name);
[25.345s]       |                 [01;36m[K^~~~~~[m[K
[25.345s] [01m[K/home/aldo/arduinobot_ws/src/arduinobot_cpp_examples/src/simple_parameter.cpp:28:17:[m[K [01;31m[Kerror: [m[Ktemplate argument 1 is invalid
[25.345s]    28 |                 [01;31m[KRCLCPP_INFO_STREAM[m[K(get_logger(),"Param simple_int_param changed! New value is: " << param.as_int());
[25.345s]       |                 [01;31m[K^~~~~~~~~~~~~~~~~~[m[K
[25.352s] [01m[K/home/aldo/arduinobot_ws/src/arduinobot_cpp_examples/src/simple_parameter.cpp:33:36:[m[K [01;31m[Kerror: [m[Kâ€˜[01m[Kget_logger[m[Kâ€™ was not declared in this scope; did you mean â€˜[01m[Krclcpp::get_logger[m[Kâ€™?
[25.352s]    33 |                 RCLCPP_INFO_STREAM([01;31m[Kget_logger[m[K(), "Param simple_string_param changed! New value is: " << param.as_string());
[25.352s]       |                                    [01;31m[K^~~~~~~~~~[m[K
[25.361s] [01m[K/opt/ros/jazzy/include/rclcpp/rclcpp/logger.hpp:107:17:[m[K [01;36m[Knote: [m[Kâ€˜[01m[Krclcpp::get_logger[m[Kâ€™ declared here
[25.361s]   107 |   friend Logger [01;36m[Krclcpp[m[K::get_logger(const std::string & name);
[25.362s]       |                 [01;36m[K^~~~~~[m[K
[25.362s] [01m[K/home/aldo/arduinobot_ws/src/arduinobot_cpp_examples/src/simple_parameter.cpp:33:17:[m[K [01;31m[Kerror: [m[Ktemplate argument 1 is invalid
[25.372s]    33 |                 [01;31m[KRCLCPP_INFO_STREAM[m[K(get_logger(), "Param simple_string_param changed! New value is: " << param.as_string());
[25.377s]       |                 [01;31m[K^~~~~~~~~~~~~~~~~~[m[K
[25.377s] [01m[K/home/aldo/arduinobot_ws/src/arduinobot_cpp_examples/src/simple_parameter.cpp:[m[K In function â€˜[01m[Kint[01;32m[K main[m[K(int, char**)[m[Kâ€™:
[25.378s] [01m[K/home/aldo/arduinobot_ws/src/arduinobot_cpp_examples/src/simple_parameter.cpp:40:14:[m[K [01;35m[Kwarning: [m[Kunused parameter â€˜[01m[Kargc[m[Kâ€™ [[01;35m[K]8;;https://gcc.gnu.org/onlinedocs/gcc/Warning-Options.html#index-Wunused-parameter-Wunused-parameter]8;;[m[K]
[25.378s]    40 | int main([01;35m[Kint argc[m[K, char* argv[])
[25.378s]       |          [01;35m[K~~~~^~~~[m[K
[25.378s] [01m[K/home/aldo/arduinobot_ws/src/arduinobot_cpp_examples/src/simple_parameter.cpp:40:26:[m[K [01;35m[Kwarning: [m[Kunused parameter â€˜[01m[Kargv[m[Kâ€™ [[01;35m[K]8;;https://gcc.gnu.org/onlinedocs/gcc/Warning-Options.html#index-Wunused-parameter-Wunused-parameter]8;;[m[K]
[25.378s]    40 | int main(int argc, [01;35m[Kchar* argv[][m[K)
[25.378s]       |                    [01;35m[K~~~~~~^~~~~~[m[K
[34.343s] gmake[2]: *** [CMakeFiles/simple_parameter.dir/build.make:76: CMakeFiles/simple_parameter.dir/src/simple_parameter.cpp.o] Error 1
[34.349s] gmake[1]: *** [CMakeFiles/Makefile2:193: CMakeFiles/simple_parameter.dir/all] Error 2
[34.351s] gmake: *** [Makefile:146: all] Error 2
[34.353s] Invoked command in '/home/aldo/arduinobot_ws/build/arduinobot_cpp_examples' returned '2': CMAKE_PREFIX_PATH=${CMAKE_PREFIX_PATH}:/opt/ros/jazzy DEBUGINFOD_URLS=https://debuginfod.ubuntu.com /usr/bin/cmake --build /home/aldo/arduinobot_ws/build/arduinobot_cpp_examples -- -j4 -l4
